script.js:146 Random Number auto mode:  21
script.js:157 random_value : 7
script.js:159 remaining_value : 21
script.js:169 7 14
script.js:157 random_value : 5
script.js:159 remaining_value : 14
script.js:169 5 9
script.js:157 random_value : 4
script.js:159 remaining_value : 9
script.js:169 4 5
script.js:157 random_value : 3
script.js:159 remaining_value : 5
script.js:169 3 2
script.js:182 sort the array: (4) [3, 4, 5, 7]
script.js:204 after load.
script.js:146 Random Number auto mode:  18
script.js:157 random_value : 1
script.js:159 remaining_value : 18
script.js:169 1 17
script.js:157 random_value : 7
script.js:159 remaining_value : 17
script.js:169 7 10
script.js:157 random_value : 1
script.js:159 remaining_value : 10
script.js:169 1 9
script.js:157 random_value : 2
script.js:159 remaining_value : 9
script.js:169 2 7
script.js:182 sort the array: (4) [1, 1, 2, 7]
script.js:204 after load.
script.js:146 Random Number auto mode:  20
script.js:157 random_value : 8
script.js:159 remaining_value : 20
script.js:169 8 12
script.js:157 random_value : 4
script.js:159 remaining_value : 12
script.js:169 4 8
script.js:157 random_value : 4
script.js:159 remaining_value : 8
script.js:169 4 4
script.js:157 random_value : 1
script.js:159 remaining_value : 4
script.js:169 1 3
script.js:182 sort the array: (4) [1, 4, 4, 8]
script.js:204 after load.
